#
# A fatal error has been detected by the Java Runtime Environment:
#
#  EXCEPTION_ACCESS_VIOLATION (0xc0000005) at pc=0x000000006be1dde8, pid=1288, tid=0x0000000000001238
#
# JRE version: OpenJDK Runtime Environment (8.0_152-b06) (build 1.8.0_152-release-1136-b06)
# Java VM: OpenJDK 64-Bit Server VM (25.152-b06 mixed mode windows-amd64 compressed oops)
# Problematic frame:
# V  [jvm.dll+0x7dde8]
#
# Failed to write core dump. Minidumps are not enabled by default on client versions of Windows
#
# If you would like to submit a bug report, please visit:
#   http://bugreport.java.com/bugreport/crash.jsp
#

---------------  T H R E A D  ---------------

Current thread (0x0000000017f4d800):  JavaThread "Daemon worker" [_thread_in_vm, id=4664, stack(0x00000000193d0000,0x00000000194d0000)]

siginfo: ExceptionCode=0xc0000005, reading address 0x00000000000080d0

Registers:
RAX=0x000000001dd93d98, RBX=0x00000000ffffffff, RCX=0x0000000000008000, RDX=0x0000000000000001
RSP=0x00000000194cbad0, RBP=0x00000000ffffffff, RSI=0x0000000000000001, RDI=0x00000000194cbb70
R8 =0x0000000000000000, R9 =0x0000000017ed3bb0, R10=0x000000001dd93d50, R11=0x0036ab59694aede1
R12=0x0000000014f25430, R13=0x0000000000000001, R14=0x00000000ffffffff, R15=0x0000000017f4d800
RIP=0x000000006be1dde8, EFLAGS=0x0000000000010206

Top of Stack: (sp=0x00000000194cbad0)
0x00000000194cbad0:   0000000000000001 000000006be1d1ec
0x00000000194cbae0:   000000001dd93d50 0000000017f4d800
0x00000000194cbaf0:   00000000194cbc50 00000000194cbc40
0x00000000194cbb00:   00000000194cbc50 000000006be20cc6
0x00000000194cbb10:   0000000000008000 00000000194cbc40
0x00000000194cbb20:   0000000017f4d801 000000006c3b9fa8
0x00000000194cbb30:   0000000000000001 0000000000000008
0x00000000194cbb40:   0000000000000008 000000006be702db
0x00000000194cbb50:   000000001dd93d50 0000000017f4d800
0x00000000194cbb60:   000000001dd93d50 0000000017f4d800
0x00000000194cbb70:   000000001dd93d50 0000000017f4d800
0x00000000194cbb80:   0000000100011098 0000000000000001
0x00000000194cbb90:   0000000017f4d800 0000000000000008
0x00000000194cbba0:   0000000000000008 000000006be86792
0x00000000194cbbb0:   0000000100011098 0000000017f4d800
0x00000000194cbbc0:   0000000000000000 000000006bf70958 

Instructions: (pc=0x000000006be1dde8)
0x000000006be1ddc8:   48 48 85 c9 75 1a 48 8b cf e8 6a 3e f8 ff 32 c0
0x000000006be1ddd8:   48 8b 5c 24 40 48 8b 74 24 48 48 83 c4 30 5f c3
0x000000006be1dde8:   8b 99 d0 00 00 00 48 8b cf e8 4a 3e f8 ff 3b f3
0x000000006be1ddf8:   48 8b 5c 24 40 48 8b 74 24 48 0f 94 c0 48 83 c4 


Register to memory mapping:

RAX=0x000000001dd93d98 is pointing into metadata
RBX=0x00000000ffffffff is an unallocated location in the heap
RCX=0x0000000000008000 is an unknown value
RDX=0x0000000000000001 is an unknown value
RSP=0x00000000194cbad0 is pointing into the stack for thread: 0x0000000017f4d800
RBP=0x00000000ffffffff is an unallocated location in the heap
RSI=0x0000000000000001 is an unknown value
RDI=0x00000000194cbb70 is pointing into the stack for thread: 0x0000000017f4d800
R8 =0x0000000000000000 is an unknown value
R9 =0x0000000017ed3bb0 is an unknown value
R10={method} {0x000000001dd93d58} 'getSelectedModule' '()Lorg/gradle/api/internal/artifacts/ivyservice/resolveengine/graph/builder/ModuleResolveState;' in 'org/gradle/api/internal/artifacts/ivyservice/resolveengine/graph/builder/SelectorState'
R11=0x0036ab59694aede1 is an unknown value
R12=0x0000000014f25430 is an unknown value
R13=0x0000000000000001 is an unknown value
R14=0x00000000ffffffff is an unallocated location in the heap
R15=0x0000000017f4d800 is a thread


Stack: [0x00000000193d0000,0x00000000194d0000],  sp=0x00000000194cbad0,  free space=1006k
Native frames: (J=compiled Java code, j=interpreted, Vv=VM code, C=native code)
V  [jvm.dll+0x7dde8]
V  [jvm.dll+0x80cc6]
V  [jvm.dll+0x1d183b]
V  [jvm.dll+0x210db7]
V  [jvm.dll+0x1d1910]
V  [jvm.dll+0x210bd4]
V  [jvm.dll+0x958ae]
V  [jvm.dll+0x97845]
C  0x0000000002874ca5

Java frames: (J=compiled Java code, j=interpreted, Vv=VM code)
j  org.gradle.api.internal.artifacts.ivyservice.resolveengine.graph.builder.SelectorState.getSelectedModule()Lorg/gradle/api/internal/artifacts/ivyservice/resolveengine/graph/builder/ModuleResolveState;+0
j  org.gradle.api.internal.artifacts.ivyservice.resolveengine.graph.builder.EdgeState.resolveModuleRevisionId()Lorg/gradle/api/internal/artifacts/ivyservice/resolveengine/graph/builder/ComponentState;+22
j  org.gradle.api.internal.artifacts.ivyservice.resolveengine.graph.builder.DependencyGraphBuilder.performSelectionSerially(Ljava/util/List;Lorg/gradle/api/internal/artifacts/ivyservice/resolveengine/graph/builder/ResolveState;)V+29
j  org.gradle.api.internal.artifacts.ivyservice.resolveengine.graph.builder.DependencyGraphBuilder.resolveEdges(Lorg/gradle/api/internal/artifacts/ivyservice/resolveengine/graph/builder/NodeState;Ljava/util/List;Ljava/util/List;Lorg/gradle/api/internal/artifacts/ivyservice/resolveengine/graph/builder/ResolveState;Ljava/util/Map;)V+14
j  org.gradle.api.internal.artifacts.ivyservice.resolveengine.graph.builder.DependencyGraphBuilder.traverseGraph(Lorg/gradle/api/internal/artifacts/ivyservice/resolveengine/graph/builder/ResolveState;)V+102
j  org.gradle.api.internal.artifacts.ivyservice.resolveengine.graph.builder.DependencyGraphBuilder.resolve(Lorg/gradle/api/internal/artifacts/ResolveContext;Lorg/gradle/api/internal/artifacts/ivyservice/resolveengine/graph/DependencyGraphVisitor;)V+110
j  org.gradle.api.internal.artifacts.ivyservice.resolveengine.DefaultArtifactDependencyResolver.resolve(Lorg/gradle/api/internal/artifacts/ResolveContext;Ljava/util/List;Lorg/gradle/api/internal/artifacts/GlobalDependencyResolutionRules;Lorg/gradle/api/specs/Spec;Lorg/gradle/api/internal/artifacts/ivyservice/resolveengine/graph/DependencyGraphVisitor;Lorg/gradle/api/internal/artifacts/ivyservice/resolveengine/artifact/DependencyArtifactsVisitor;Lorg/gradle/api/internal/attributes/AttributesSchemaInternal;Lorg/gradle/api/internal/artifacts/type/ArtifactTypeRegistry;)V+93
j  org.gradle.api.internal.artifacts.ivyservice.DefaultConfigurationResolver.resolveGraph(Lorg/gradle/api/internal/artifacts/configurations/ConfigurationInternal;Lorg/gradle/api/internal/artifacts/ResolverResults;)V+259
j  org.gradle.api.internal.artifacts.ivyservice.ShortCircuitEmptyConfigurationResolver.resolveGraph(Lorg/gradle/api/internal/artifacts/configurations/ConfigurationInternal;Lorg/gradle/api/internal/artifacts/ResolverResults;)V+29
j  org.gradle.api.internal.artifacts.ivyservice.ErrorHandlingConfigurationResolver.resolveGraph(Lorg/gradle/api/internal/artifacts/configurations/ConfigurationInternal;Lorg/gradle/api/internal/artifacts/ResolverResults;)V+6
j  org.gradle.api.internal.artifacts.configurations.DefaultConfiguration$4.run(Lorg/gradle/internal/operations/BuildOperationContext;)V+63
j  org.gradle.internal.progress.DefaultBuildOperationExecutor$RunnableBuildOperationWorker.execute(Lorg/gradle/internal/operations/RunnableBuildOperation;Lorg/gradle/internal/operations/BuildOperationContext;)V+2
j  org.gradle.internal.progress.DefaultBuildOperationExecutor$RunnableBuildOperationWorker.execute(Lorg/gradle/internal/operations/BuildOperation;Lorg/gradle/internal/operations/BuildOperationContext;)V+6
j  org.gradle.internal.progress.DefaultBuildOperationExecutor.execute(Lorg/gradle/internal/operations/BuildOperation;Lorg/gradle/internal/operations/BuildOperationWorker;Lorg/gradle/internal/progress/DefaultBuildOperationExecutor$DefaultBuildOperationState;)V+177
j  org.gradle.internal.progress.DefaultBuildOperationExecutor.run(Lorg/gradle/internal/operations/RunnableBuildOperation;)V+20
j  org.gradle.api.internal.artifacts.configurations.DefaultConfiguration.resolveGraphIfRequired(Lorg/gradle/api/internal/artifacts/configurations/ConfigurationInternal$InternalState;)V+65
j  org.gradle.api.internal.artifacts.configurations.DefaultConfiguration.resolveToStateOrLater(Lorg/gradle/api/internal/artifacts/configurations/ConfigurationInternal$InternalState;)V+27
j  org.gradle.api.internal.artifacts.configurations.DefaultConfiguration.access$1700(Lorg/gradle/api/internal/artifacts/configurations/DefaultConfiguration;Lorg/gradle/api/internal/artifacts/configurations/ConfigurationInternal$InternalState;)V+2
j  org.gradle.api.internal.artifacts.configurations.DefaultConfiguration$ConfigurationFileCollection.getSelectedArtifacts()Lorg/gradle/api/internal/artifacts/ivyservice/resolveengine/artifact/SelectedArtifactSet;+21
j  org.gradle.api.internal.artifacts.configurations.DefaultConfiguration$ConfigurationFileCollection.access$2700(Lorg/gradle/api/internal/artifacts/configurations/DefaultConfiguration$ConfigurationFileCollection;)Lorg/gradle/api/internal/artifacts/ivyservice/resolveengine/artifact/SelectedArtifactSet;+1
j  org.gradle.api.internal.artifacts.configurations.DefaultConfiguration$ConfigurationArtifactCollection.ensureResolved()V+20
j  org.gradle.api.internal.artifacts.configurations.DefaultConfiguration$ConfigurationArtifactCollection.getArtifacts()Ljava/util/Set;+1
j  org.gradle.composite.internal.CompositeBuildClassPathInitializer.execute(Lorg/gradle/api/artifacts/Configuration;)V+13
j  org.gradle.composite.internal.CompositeBuildClassPathInitializer.execute(Ljava/lang/Object;)V+5
j  org.gradle.api.internal.initialization.DefaultScriptClassPathResolver.resolveClassPath(Lorg/gradle/api/artifacts/Configuration;)Lorg/gradle/internal/classpath/ClassPath;+39
j  org.gradle.api.internal.initialization.DefaultScriptHandler.getScriptClassPath()Lorg/gradle/internal/classpath/ClassPath;+8
j  org.gradle.plugin.use.internal.DefaultPluginRequestApplicator.defineScriptHandlerClassScope(Lorg/gradle/api/internal/initialization/ScriptHandlerInternal;Lorg/gradle/api/internal/initialization/ClassLoaderScope;Ljava/lang/Iterable;)V+1
j  org.gradle.plugin.use.internal.DefaultPluginRequestApplicator.applyPlugins(Lorg/gradle/plugin/management/internal/PluginRequests;Lorg/gradle/api/internal/initialization/ScriptHandlerInternal;Lorg/gradle/api/internal/plugins/PluginManagerInternal;Lorg/gradle/api/internal/initialization/ClassLoaderScope;)V+20
j  org.gradle.configuration.DefaultScriptPluginFactory$ScriptPluginImpl.apply(Ljava/lang/Object;)V+437
j  org.gradle.configuration.BuildOperationScriptPlugin$1.run(Lorg/gradle/internal/operations/BuildOperationContext;)V+11
j  org.gradle.internal.progress.DefaultBuildOperationExecutor$RunnableBuildOperationWorker.execute(Lorg/gradle/internal/operations/RunnableBuildOperation;Lorg/gradle/internal/operations/BuildOperationContext;)V+2
j  org.gradle.internal.progress.DefaultBuildOperationExecutor$RunnableBuildOperationWorker.execute(Lorg/gradle/internal/operations/BuildOperation;Lorg/gradle/internal/operations/BuildOperationContext;)V+6
j  org.gradle.internal.progress.DefaultBuildOperationExecutor.execute(Lorg/gradle/internal/operations/BuildOperation;Lorg/gradle/internal/operations/BuildOperationWorker;Lorg/gradle/internal/progress/DefaultBuildOperationExecutor$DefaultBuildOperationState;)V+177
j  org.gradle.internal.progress.DefaultBuildOperationExecutor.run(Lorg/gradle/internal/operations/RunnableBuildOperation;)V+20
j  org.gradle.configuration.BuildOperationScriptPlugin.apply(Ljava/lang/Object;)V+54
j  org.gradle.configuration.project.BuildScriptProcessor.execute(Lorg/gradle/api/internal/project/ProjectInternal;)V+74
j  org.gradle.configuration.project.BuildScriptProcessor.execute(Ljava/lang/Object;)V+5
j  org.gradle.configuration.project.ConfigureActionsProjectEvaluator.evaluate(Lorg/gradle/api/internal/project/ProjectInternal;Lorg/gradle/api/internal/project/ProjectStateInternal;)V+33
j  org.gradle.configuration.project.LifecycleProjectEvaluator.doConfigure(Lorg/gradle/api/internal/project/ProjectInternal;Lorg/gradle/api/internal/project/ProjectStateInternal;)V+39
j  org.gradle.configuration.project.LifecycleProjectEvaluator.access$100(Lorg/gradle/configuration/project/LifecycleProjectEvaluator;Lorg/gradle/api/internal/project/ProjectInternal;Lorg/gradle/api/internal/project/ProjectStateInternal;)V+3
j  org.gradle.configuration.project.LifecycleProjectEvaluator$ConfigureProject.run(Lorg/gradle/internal/operations/BuildOperationContext;)V+12
j  org.gradle.internal.progress.DefaultBuildOperationExecutor$RunnableBuildOperationWorker.execute(Lorg/gradle/internal/operations/RunnableBuildOperation;Lorg/gradle/internal/operations/BuildOperationContext;)V+2
j  org.gradle.internal.progress.DefaultBuildOperationExecutor$RunnableBuildOperationWorker.execute(Lorg/gradle/internal/operations/BuildOperation;Lorg/gradle/internal/operations/BuildOperationContext;)V+6
j  org.gradle.internal.progress.DefaultBuildOperationExecutor.execute(Lorg/gradle/internal/operations/BuildOperation;Lorg/gradle/internal/operations/BuildOperationWorker;Lorg/gradle/internal/progress/DefaultBuildOperationExecutor$DefaultBuildOperationState;)V+177
j  org.gradle.internal.progress.DefaultBuildOperationExecutor.run(Lorg/gradle/internal/operations/RunnableBuildOperation;)V+20
j  org.gradle.configuration.project.LifecycleProjectEvaluator.evaluate(Lorg/gradle/api/internal/project/ProjectInternal;Lorg/gradle/api/internal/project/ProjectStateInternal;)V+30
j  org.gradle.api.internal.project.DefaultProject.evaluate()Lorg/gradle/api/internal/project/DefaultProject;+9
j  org.gradle.api.internal.project.DefaultProject.evaluate()Lorg/gradle/api/Project;+1
j  org.gradle.execution.TaskPathProjectEvaluator.configure(Lorg/gradle/api/internal/project/ProjectInternal;)V+21
j  org.gradle.execution.TaskPathProjectEvaluator.configureHierarchy(Lorg/gradle/api/internal/project/ProjectInternal;)V+2
j  org.gradle.configuration.DefaultBuildConfigurer.configure(Lorg/gradle/api/internal/GradleInternal;)V+45
j  org.gradle.initialization.DefaultGradleLauncher$ConfigureBuild.run(Lorg/gradle/internal/operations/BuildOperationContext;)V+40
j  org.gradle.internal.progress.DefaultBuildOperationExecutor$RunnableBuildOperationWorker.execute(Lorg/gradle/internal/operations/RunnableBuildOperation;Lorg/gradle/internal/operations/BuildOperationContext;)V+2
j  org.gradle.internal.progress.DefaultBuildOperationExecutor$RunnableBuildOperationWorker.execute(Lorg/gradle/internal/operations/BuildOperation;Lorg/gradle/internal/operations/BuildOperationContext;)V+6
j  org.gradle.internal.progress.DefaultBuildOperationExecutor.execute(Lorg/gradle/internal/operations/BuildOperation;Lorg/gradle/internal/operations/BuildOperationWorker;Lorg/gradle/internal/progress/DefaultBuildOperationExecutor$DefaultBuildOperationState;)V+177
j  org.gradle.internal.progress.DefaultBuildOperationExecutor.run(Lorg/gradle/internal/operations/RunnableBuildOperation;)V+20
j  org.gradle.initialization.DefaultGradleLauncher.configureBuild()V+23
j  org.gradle.initialization.DefaultGradleLauncher.doBuildStages(Lorg/gradle/initialization/DefaultGradleLauncher$Stage;)V+13
j  org.gradle.initialization.DefaultGradleLauncher.getConfiguredBuild()Lorg/gradle/api/internal/GradleInternal;+4
j  org.gradle.internal.invocation.GradleBuildController$2.call()Lorg/gradle/api/internal/GradleInternal;+7
j  org.gradle.internal.invocation.GradleBuildController$2.call()Ljava/lang/Object;+1
j  org.gradle.internal.work.DefaultWorkerLeaseService.withLocks(Ljava/lang/Iterable;Ljava/util/concurrent/Callable;)Ljava/lang/Object;+15
j  org.gradle.internal.invocation.GradleBuildController.doBuild(Ljava/util/concurrent/Callable;)Lorg/gradle/api/internal/GradleInternal;+52
j  org.gradle.internal.invocation.GradleBuildController.configure()Lorg/gradle/api/internal/GradleInternal;+9
j  org.gradle.tooling.internal.provider.runner.ClientProvidedBuildActionRunner.run(Lorg/gradle/internal/invocation/BuildAction;Lorg/gradle/internal/invocation/BuildController;)V+87
j  org.gradle.launcher.exec.ChainingBuildActionRunner.run(Lorg/gradle/internal/invocation/BuildAction;Lorg/gradle/internal/invocation/BuildController;)V+34
j  org.gradle.launcher.exec.ChainingBuildActionRunner.run(Lorg/gradle/internal/invocation/BuildAction;Lorg/gradle/internal/invocation/BuildController;)V+34
j  org.gradle.tooling.internal.provider.ValidatingBuildActionRunner.run(Lorg/gradle/internal/invocation/BuildAction;Lorg/gradle/internal/invocation/BuildController;)V+6
j  org.gradle.launcher.exec.RunAsBuildOperationBuildActionRunner$1.run(Lorg/gradle/internal/operations/BuildOperationContext;)V+15
j  org.gradle.internal.progress.DefaultBuildOperationExecutor$RunnableBuildOperationWorker.execute(Lorg/gradle/internal/operations/RunnableBuildOperation;Lorg/gradle/internal/operations/BuildOperationContext;)V+2
j  org.gradle.internal.progress.DefaultBuildOperationExecutor$RunnableBuildOperationWorker.execute(Lorg/gradle/internal/operations/BuildOperation;Lorg/gradle/internal/operations/BuildOperationContext;)V+6
j  org.gradle.internal.progress.DefaultBuildOperationExecutor.execute(Lorg/gradle/internal/operations/BuildOperation;Lorg/gradle/internal/operations/BuildOperationWorker;Lorg/gradle/internal/progress/DefaultBuildOperationExecutor$DefaultBuildOperationState;)V+177
j  org.gradle.internal.progress.DefaultBuildOperationExecutor.run(Lorg/gradle/internal/operations/RunnableBuildOperation;)V+20
j  org.gradle.launcher.exec.RunAsBuildOperationBuildActionRunner.run(Lorg/gradle/internal/invocation/BuildAction;Lorg/gradle/internal/invocation/BuildController;)V+34
j  org.gradle.tooling.internal.provider.SubscribableBuildActionRunner.run(Lorg/gradle/internal/invocation/BuildAction;Lorg/gradle/internal/invocation/BuildController;)V+40
j  org.gradle.launcher.exec.InProcessBuildActionExecuter.execute(Lorg/gradle/internal/invocation/BuildAction;Lorg/gradle/initialization/BuildRequestContext;Lorg/gradle/launcher/exec/BuildActionParameters;Lorg/gradle/internal/service/ServiceRegistry;)Ljava/lang/Object;+81
j  org.gradle.launcher.exec.InProcessBuildActionExecuter.execute(Lorg/gradle/internal/invocation/BuildAction;Lorg/gradle/initialization/BuildRequestContext;Ljava/lang/Object;Lorg/gradle/internal/service/ServiceRegistry;)Ljava/lang/Object;+9
j  org.gradle.launcher.exec.BuildTreeScopeBuildActionExecuter.execute(Lorg/gradle/internal/invocation/BuildAction;Lorg/gradle/initialization/BuildRequestContext;Lorg/gradle/launcher/exec/BuildActionParameters;Lorg/gradle/internal/service/ServiceRegistry;)Ljava/lang/Object;+38
j  org.gradle.launcher.exec.BuildTreeScopeBuildActionExecuter.execute(Lorg/gradle/internal/invocation/BuildAction;Lorg/gradle/initialization/BuildRequestContext;Ljava/lang/Object;Lorg/gradle/internal/service/ServiceRegistry;)Ljava/lang/Object;+9
j  org.gradle.tooling.internal.provider.ContinuousBuildActionExecuter.execute(Lorg/gradle/internal/invocation/BuildAction;Lorg/gradle/initialization/BuildRequestContext;Lorg/gradle/launcher/exec/BuildActionParameters;Lorg/gradle/internal/service/ServiceRegistry;)Ljava/lang/Object;+63
j  org.gradle.tooling.internal.provider.ContinuousBuildActionExecuter.execute(Lorg/gradle/internal/invocation/BuildAction;Lorg/gradle/initialization/BuildRequestContext;Ljava/lang/Object;Lorg/gradle/internal/service/ServiceRegistry;)Ljava/lang/Object;+9
j  org.gradle.tooling.internal.provider.ServicesSetupBuildActionExecuter.execute(Lorg/gradle/internal/invocation/BuildAction;Lorg/gradle/initialization/BuildRequestContext;Lorg/gradle/launcher/exec/BuildActionParameters;Lorg/gradle/internal/service/ServiceRegistry;)Ljava/lang/Object;+86
j  org.gradle.tooling.internal.provider.ServicesSetupBuildActionExecuter.execute(Lorg/gradle/internal/invocation/BuildAction;Lorg/gradle/initialization/BuildRequestContext;Ljava/lang/Object;Lorg/gradle/internal/service/ServiceRegistry;)Ljava/lang/Object;+9
j  org.gradle.tooling.internal.provider.GradleThreadBuildActionExecuter.execute(Lorg/gradle/internal/invocation/BuildAction;Lorg/gradle/initialization/BuildRequestContext;Lorg/gradle/launcher/exec/BuildActionParameters;Lorg/gradle/internal/service/ServiceRegistry;)Ljava/lang/Object;+12
j  org.gradle.tooling.internal.provider.GradleThreadBuildActionExecuter.execute(Lorg/gradle/internal/invocation/BuildAction;Lorg/gradle/initialization/BuildRequestContext;Ljava/lang/Object;Lorg/gradle/internal/service/ServiceRegistry;)Ljava/lang/Object;+9
j  org.gradle.tooling.internal.provider.ParallelismConfigurationBuildActionExecuter.execute(Lorg/gradle/internal/invocation/BuildAction;Lorg/gradle/initialization/BuildRequestContext;Lorg/gradle/launcher/exec/BuildActionParameters;Lorg/gradle/internal/service/ServiceRegistry;)Ljava/lang/Object;+43
j  org.gradle.tooling.internal.provider.ParallelismConfigurationBuildActionExecuter.execute(Lorg/gradle/internal/invocation/BuildAction;Lorg/gradle/initialization/BuildRequestContext;Ljava/lang/Object;Lorg/gradle/internal/service/ServiceRegistry;)Ljava/lang/Object;+9
j  org.gradle.tooling.internal.provider.StartParamsValidatingActionExecuter.execute(Lorg/gradle/internal/invocation/BuildAction;Lorg/gradle/initialization/BuildRequestContext;Lorg/gradle/launcher/exec/BuildActionParameters;Lorg/gradle/internal/service/ServiceRegistry;)Ljava/lang/Object;+257
j  org.gradle.tooling.internal.provider.StartParamsValidatingActionExecuter.execute(Lorg/gradle/internal/invocation/BuildAction;Lorg/gradle/initialization/BuildRequestContext;Ljava/lang/Object;Lorg/gradle/internal/service/ServiceRegistry;)Ljava/lang/Object;+9
j  org.gradle.tooling.internal.provider.SessionFailureReportingActionExecuter.execute(Lorg/gradle/internal/invocation/BuildAction;Lorg/gradle/initialization/BuildRequestContext;Lorg/gradle/launcher/exec/BuildActionParameters;Lorg/gradle/internal/service/ServiceRegistry;)Ljava/lang/Object;+9
j  org.gradle.tooling.internal.provider.SessionFailureReportingActionExecuter.execute(Lorg/gradle/internal/invocation/BuildAction;Lorg/gradle/initialization/BuildRequestContext;Ljava/lang/Object;Lorg/gradle/internal/service/ServiceRegistry;)Ljava/lang/Object;+9
j  org.gradle.tooling.internal.provider.SetupLoggingActionExecuter.execute(Lorg/gradle/internal/invocation/BuildAction;Lorg/gradle/initialization/BuildRequestContext;Lorg/gradle/launcher/exec/BuildActionParameters;Lorg/gradle/internal/service/ServiceRegistry;)Ljava/lang/Object;+42
j  org.gradle.tooling.internal.provider.SetupLoggingActionExecuter.execute(Lorg/gradle/internal/invocation/BuildAction;Lorg/gradle/initialization/BuildRequestContext;Ljava/lang/Object;Lorg/gradle/internal/service/ServiceRegistry;)Ljava/lang/Object;+9
j  org.gradle.launcher.daemon.server.exec.ExecuteBuild.doBuild(Lorg/gradle/launcher/daemon/server/api/DaemonCommandExecution;Lorg/gradle/launcher/daemon/protocol/Build;)V+114
j  org.gradle.launcher.daemon.server.exec.BuildCommandOnly.execute(Lorg/gradle/launcher/daemon/server/api/DaemonCommandExecution;)V+49
j  org.gradle.launcher.daemon.server.api.DaemonCommandExecution.proceed()Z+28
j  org.gradle.launcher.daemon.server.exec.WatchForDisconnection.execute(Lorg/gradle/launcher/daemon/server/api/DaemonCommandExecution;)V+19
j  org.gradle.launcher.daemon.server.api.DaemonCommandExecution.proceed()Z+28
j  org.gradle.launcher.daemon.server.exec.ResetDeprecationLogger.execute(Lorg/gradle/launcher/daemon/server/api/DaemonCommandExecution;)V+4
j  org.gradle.launcher.daemon.server.api.DaemonCommandExecution.proceed()Z+28
j  org.gradle.launcher.daemon.server.exec.RequestStopIfSingleUsedDaemon.execute(Lorg/gradle/launcher/daemon/server/api/DaemonCommandExecution;)V+33
j  org.gradle.launcher.daemon.server.api.DaemonCommandExecution.proceed()Z+28
j  org.gradle.launcher.daemon.server.exec.ForwardClientInput$2.call()Ljava/lang/Void;+4
j  org.gradle.launcher.daemon.server.exec.ForwardClientInput$2.call()Ljava/lang/Object;+1
j  org.gradle.util.Swapper.swap(Ljava/lang/Object;Ljava/util/concurrent/Callable;)Ljava/lang/Object;+21
j  org.gradle.launcher.daemon.server.exec.ForwardClientInput.execute(Lorg/gradle/launcher/daemon/server/api/DaemonCommandExecution;)V+63
j  org.gradle.launcher.daemon.server.api.DaemonCommandExecution.proceed()Z+28
j  org.gradle.launcher.daemon.server.exec.LogAndCheckHealth.execute(Lorg/gradle/launcher/daemon/server/api/DaemonCommandExecution;)V+28
j  org.gradle.launcher.daemon.server.api.DaemonCommandExecution.proceed()Z+28
j  org.gradle.launcher.daemon.server.exec.LogToClient.doBuild(Lorg/gradle/launcher/daemon/server/api/DaemonCommandExecution;Lorg/gradle/launcher/daemon/protocol/Build;)V+87
j  org.gradle.launcher.daemon.server.exec.BuildCommandOnly.execute(Lorg/gradle/launcher/daemon/server/api/DaemonCommandExecution;)V+49
j  org.gradle.launcher.daemon.server.api.DaemonCommandExecution.proceed()Z+28
j  org.gradle.launcher.daemon.server.exec.EstablishBuildEnvironment.doBuild(Lorg/gradle/launcher/daemon/server/api/DaemonCommandExecution;Lorg/gradle/launcher/daemon/protocol/Build;)V+365
j  org.gradle.launcher.daemon.server.exec.BuildCommandOnly.execute(Lorg/gradle/launcher/daemon/server/api/DaemonCommandExecution;)V+49
j  org.gradle.launcher.daemon.server.api.DaemonCommandExecution.proceed()Z+28
j  org.gradle.launcher.daemon.server.exec.StartBuildOrRespondWithBusy$1.run()V+44
j  org.gradle.launcher.daemon.server.DaemonStateCoordinator$1.run()V+4
j  org.gradle.internal.concurrent.ExecutorPolicy$CatchAndRecordFailures.onExecute(Ljava/lang/Runnable;)V+1
j  org.gradle.internal.concurrent.ManagedExecutorImpl$1.run()V+25
j  java.util.concurrent.ThreadPoolExecutor.runWorker(Ljava/util/concurrent/ThreadPoolExecutor$Worker;)V+95
j  java.util.concurrent.ThreadPoolExecutor$Worker.run()V+5
j  org.gradle.internal.concurrent.ThreadFactoryImpl$ManagedThreadRunnable.run()V+7
j  java.lang.Thread.run()V+11
v  ~StubRoutines::call_stub

---------------  P R O C E S S  ---------------

Java Threads: ( => current thread )
  0x0000000017ef3800 JavaThread "Cache worker for Artifact transforms cache (C:\Users\Yura\.gradle\caches\transforms-1)" [_thread_blocked, id=10792, stack(0x000000001bb70000,0x000000001bc70000)]
  0x0000000018544800 JavaThread "Cache worker for file hash cache (C:\Users\Yura\AndroidStudioProjects\MySubmenuProgram\.gradle\4.6\fileHashes)" [_thread_blocked, id=2488, stack(0x000000001aaa0000,0x000000001aba0000)]
  0x00000000173e3000 JavaThread "File lock request listener" [_thread_in_native, id=9852, stack(0x000000001a9a0000,0x000000001aaa0000)]
  0x0000000018040000 JavaThread "Cache worker for file hash cache (C:\Users\Yura\.gradle\caches\4.6\fileHashes)" [_thread_blocked, id=7896, stack(0x000000001a8a0000,0x000000001a9a0000)]
  0x0000000017ef1000 JavaThread "Stdin handler" [_thread_blocked, id=3608, stack(0x00000000195d0000,0x00000000196d0000)]
  0x0000000017f4f000 JavaThread "Asynchronous log dispatcher for DefaultDaemonConnection: socket connection from /127.0.0.1:52233 to /127.0.0.1:52234" [_thread_blocked, id=1096, stack(0x00000000194d0000,0x00000000195d0000)]
=>0x0000000017f4d800 JavaThread "Daemon worker" [_thread_in_vm, id=4664, stack(0x00000000193d0000,0x00000000194d0000)]
  0x0000000017f46800 JavaThread "Cancel handler" [_thread_blocked, id=3624, stack(0x00000000192d0000,0x00000000193d0000)]
  0x0000000017cb6800 JavaThread "Handler for socket connection from /127.0.0.1:52233 to /127.0.0.1:52234" [_thread_in_native, id=10072, stack(0x0000000018fd0000,0x00000000190d0000)]
  0x0000000017cb5800 JavaThread "Daemon" [_thread_blocked, id=10876, stack(0x0000000018ed0000,0x0000000018fd0000)]
  0x0000000017ca8800 JavaThread "Daemon periodic checks" [_thread_blocked, id=11860, stack(0x0000000018dd0000,0x0000000018ed0000)]
  0x0000000017c9d000 JavaThread "Incoming local TCP Connector on port 52233" [_thread_in_native, id=5668, stack(0x0000000018b90000,0x0000000018c90000)]
  0x0000000014f8b800 JavaThread "Service Thread" daemon [_thread_blocked, id=6188, stack(0x0000000016c80000,0x0000000016d80000)]
  0x0000000014f88000 JavaThread "C1 CompilerThread2" daemon [_thread_blocked, id=10912, stack(0x0000000016780000,0x0000000016880000)]
  0x0000000014f2d800 JavaThread "C2 CompilerThread1" daemon [_thread_blocked, id=2132, stack(0x0000000016680000,0x0000000016780000)]
  0x0000000014f2a800 JavaThread "C2 CompilerThread0" daemon [_thread_blocked, id=8148, stack(0x0000000016580000,0x0000000016680000)]
  0x0000000014f29000 JavaThread "Attach Listener" daemon [_thread_blocked, id=4264, stack(0x0000000016480000,0x0000000016580000)]
  0x0000000014f28000 JavaThread "Signal Dispatcher" daemon [_thread_blocked, id=6832, stack(0x0000000016380000,0x0000000016480000)]
  0x0000000014f18800 JavaThread "Finalizer" daemon [_thread_blocked, id=12992, stack(0x0000000016180000,0x0000000016280000)]
  0x0000000002851800 JavaThread "Reference Handler" daemon [_thread_blocked, id=2052, stack(0x0000000016080000,0x0000000016180000)]
  0x000000000255e000 JavaThread "main" [_thread_blocked, id=10608, stack(0x0000000002660000,0x0000000002760000)]

Other Threads:
  0x0000000014ef4800 VMThread [stack: 0x0000000015f80000,0x0000000016080000] [id=11460]
  0x0000000014f8e000 WatcherThread [stack: 0x0000000016d80000,0x0000000016e80000] [id=6900]

VM state:not at safepoint (normal execution)

VM Mutex/Monitor currently owned by a thread: None

Heap:
 PSYoungGen      total 72704K, used 10756K [0x00000000eab00000, 0x00000000efd00000, 0x0000000100000000)
  eden space 63488K, 3% used [0x00000000eab00000,0x00000000ead68d68,0x00000000ee900000)
  from space 9216K, 89% used [0x00000000ef280000,0x00000000efa98620,0x00000000efb80000)
  to   space 9728K, 0% used [0x00000000ee900000,0x00000000ee900000,0x00000000ef280000)
 ParOldGen       total 41984K, used 14167K [0x00000000c0000000, 0x00000000c2900000, 0x00000000eab00000)
  object space 41984K, 33% used [0x00000000c0000000,0x00000000c0dd5f10,0x00000000c2900000)
 Metaspace       used 33677K, capacity 34376K, committed 34688K, reserved 1079296K
  class space    used 4603K, capacity 4883K, committed 4992K, reserved 1048576K

Card table byte_map: [0x0000000011c20000,0x0000000011e30000] byte_map_base: 0x0000000011620000

Marking Bits: (ParMarkBitMap*) 0x000000006c565aa0
 Begin Bits: [0x0000000012390000, 0x0000000013390000)
 End Bits:   [0x0000000013390000, 0x0000000014390000)

Polling page: 0x00000000007a0000

CodeCache: size=245760Kb used=11287Kb max_used=11306Kb free=234472Kb
 bounds [0x0000000002860000, 0x0000000003380000, 0x0000000011860000]
 total_blobs=3526 nmethods=2859 adapters=580
 compilation: enabled

Compilation events (10 events):
Event: 18.287 Thread 0x0000000014f88000 3064       3       org.gradle.api.internal.artifacts.DefaultModuleVersionIdentifier::hashCode (19 bytes)
Event: 18.288 Thread 0x0000000014f88000 nmethod 3064 0x0000000003353790 code [0x0000000003353900, 0x0000000003353bf8]
Event: 18.329 Thread 0x0000000014f88000 3065       3       org.gradle.cache.internal.btree.FileBackedBlockStore::access$300 (5 bytes)
Event: 18.329 Thread 0x0000000014f88000 nmethod 3065 0x0000000003353450 code [0x00000000033535a0, 0x00000000033536d0]
Event: 18.341 Thread 0x0000000014f88000 3066       1       org.gradle.internal.resolve.result.DefaultBuildableComponentIdResolveResult::getFailure (5 bytes)
Event: 18.341 Thread 0x0000000014f88000 nmethod 3066 0x0000000003353190 code [0x00000000033532e0, 0x00000000033533f0]
Event: 18.341 Thread 0x0000000014f88000 3067       3       com.google.common.base.Preconditions::checkPositionIndexes (29 bytes)
Event: 18.342 Thread 0x0000000014f88000 nmethod 3067 0x0000000003352c50 code [0x0000000003352dc0, 0x0000000003353078]
Event: 18.342 Thread 0x0000000014f88000 3068       3       com.google.common.collect.Iterators::forArray (51 bytes)
Event: 18.342 Thread 0x0000000014f88000 nmethod 3068 0x00000000033517d0 code [0x0000000003351a00, 0x0000000003352518]

GC Heap History (10 events):
Event: 10.033 GC heap before
{Heap before GC invocations=7 (full 1):
 PSYoungGen      total 38912K, used 6268K [0x00000000eab00000, 0x00000000eda00000, 0x0000000100000000)
  eden space 30720K, 0% used [0x00000000eab00000,0x00000000eab00000,0x00000000ec900000)
  from space 8192K, 76% used [0x00000000ed200000,0x00000000ed81f068,0x00000000eda00000)
  to   space 8704K, 0% used [0x00000000ec900000,0x00000000ec900000,0x00000000ed180000)
 ParOldGen       total 44032K, used 10895K [0x00000000c0000000, 0x00000000c2b00000, 0x00000000eab00000)
  object space 44032K, 24% used [0x00000000c0000000,0x00000000c0aa3d18,0x00000000c2b00000)
 Metaspace       used 20756K, capacity 21208K, committed 21248K, reserved 1067008K
  class space    used 2891K, capacity 3042K, committed 3072K, reserved 1048576K
Event: 10.098 GC heap after
Heap after GC invocations=7 (full 1):
 PSYoungGen      total 38912K, used 0K [0x00000000eab00000, 0x00000000eda00000, 0x0000000100000000)
  eden space 30720K, 0% used [0x00000000eab00000,0x00000000eab00000,0x00000000ec900000)
  from space 8192K, 0% used [0x00000000ed200000,0x00000000ed200000,0x00000000eda00000)
  to   space 8704K, 0% used [0x00000000ec900000,0x00000000ec900000,0x00000000ed180000)
 ParOldGen       total 41984K, used 11551K [0x00000000c0000000, 0x00000000c2900000, 0x00000000eab00000)
  object space 41984K, 27% used [0x00000000c0000000,0x00000000c0b47ed0,0x00000000c2900000)
 Metaspace       used 20756K, capacity 21208K, committed 21248K, reserved 1067008K
  class space    used 2891K, capacity 3042K, committed 3072K, reserved 1048576K
}
Event: 12.251 GC heap before
{Heap before GC invocations=8 (full 1):
 PSYoungGen      total 38912K, used 30720K [0x00000000eab00000, 0x00000000eda00000, 0x0000000100000000)
  eden space 30720K, 100% used [0x00000000eab00000,0x00000000ec900000,0x00000000ec900000)
  from space 8192K, 0% used [0x00000000ed200000,0x00000000ed200000,0x00000000eda00000)
  to   space 8704K, 0% used [0x00000000ec900000,0x00000000ec900000,0x00000000ed180000)
 ParOldGen       total 41984K, used 11551K [0x00000000c0000000, 0x00000000c2900000, 0x00000000eab00000)
  object space 41984K, 27% used [0x00000000c0000000,0x00000000c0b47ed0,0x00000000c2900000)
 Metaspace       used 25637K, capacity 26088K, committed 26368K, reserved 1073152K
  class space    used 3384K, capacity 3537K, committed 3584K, reserved 1048576K
Event: 12.268 GC heap after
Heap after GC invocations=8 (full 1):
 PSYoungGen      total 39424K, used 4552K [0x00000000eab00000, 0x00000000ee900000, 0x0000000100000000)
  eden space 30720K, 0% used [0x00000000eab00000,0x00000000eab00000,0x00000000ec900000)
  from space 8704K, 52% used [0x00000000ec900000,0x00000000ecd723e0,0x00000000ed180000)
  to   space 8192K, 0% used [0x00000000ee100000,0x00000000ee100000,0x00000000ee900000)
 ParOldGen       total 41984K, used 11559K [0x00000000c0000000, 0x00000000c2900000, 0x00000000eab00000)
  object space 41984K, 27% used [0x00000000c0000000,0x00000000c0b49ed0,0x00000000c2900000)
 Metaspace       used 25637K, capacity 26088K, committed 26368K, reserved 1073152K
  class space    used 3384K, capacity 3537K, committed 3584K, reserved 1048576K
}
Event: 13.446 GC heap before
{Heap before GC invocations=9 (full 1):
 PSYoungGen      total 39424K, used 35272K [0x00000000eab00000, 0x00000000ee900000, 0x0000000100000000)
  eden space 30720K, 100% used [0x00000000eab00000,0x00000000ec900000,0x00000000ec900000)
  from space 8704K, 52% used [0x00000000ec900000,0x00000000ecd723e0,0x00000000ed180000)
  to   space 8192K, 0% used [0x00000000ee100000,0x00000000ee100000,0x00000000ee900000)
 ParOldGen       total 41984K, used 11559K [0x00000000c0000000, 0x00000000c2900000, 0x00000000eab00000)
  object space 41984K, 27% used [0x00000000c0000000,0x00000000c0b49ed0,0x00000000c2900000)
 Metaspace       used 27801K, capacity 28244K, committed 28544K, reserved 1073152K
  class space    used 3759K, capacity 3891K, committed 3968K, reserved 1048576K
Event: 13.454 GC heap after
Heap after GC invocations=9 (full 1):
 PSYoungGen      total 55296K, used 5516K [0x00000000eab00000, 0x00000000ee900000, 0x0000000100000000)
  eden space 47104K, 0% used [0x00000000eab00000,0x00000000eab00000,0x00000000ed900000)
  from space 8192K, 67% used [0x00000000ee100000,0x00000000ee6632f0,0x00000000ee900000)
  to   space 8192K, 0% used [0x00000000ed900000,0x00000000ed900000,0x00000000ee100000)
 ParOldGen       total 41984K, used 11567K [0x00000000c0000000, 0x00000000c2900000, 0x00000000eab00000)
  object space 41984K, 27% used [0x00000000c0000000,0x00000000c0b4bed0,0x00000000c2900000)
 Metaspace       used 27801K, capacity 28244K, committed 28544K, reserved 1073152K
  class space    used 3759K, capacity 3891K, committed 3968K, reserved 1048576K
}
Event: 15.777 GC heap before
{Heap before GC invocations=10 (full 1):
 PSYoungGen      total 55296K, used 52620K [0x00000000eab00000, 0x00000000ee900000, 0x0000000100000000)
  eden space 47104K, 100% used [0x00000000eab00000,0x00000000ed900000,0x00000000ed900000)
  from space 8192K, 67% used [0x00000000ee100000,0x00000000ee6632f0,0x00000000ee900000)
  to   space 8192K, 0% used [0x00000000ed900000,0x00000000ed900000,0x00000000ee100000)
 ParOldGen       total 41984K, used 11567K [0x00000000c0000000, 0x00000000c2900000, 0x00000000eab00000)
  object space 41984K, 27% used [0x00000000c0000000,0x00000000c0b4bed0,0x00000000c2900000)
 Metaspace       used 30853K, capacity 31562K, committed 31744K, reserved 1077248K
  class space    used 4109K, capacity 4349K, committed 4352K, reserved 1048576K
Event: 15.811 GC heap after
Heap after GC invocations=10 (full 1):
 PSYoungGen      total 55296K, used 8017K [0x00000000eab00000, 0x00000000efb80000, 0x0000000100000000)
  eden space 47104K, 0% used [0x00000000eab00000,0x00000000eab00000,0x00000000ed900000)
  from space 8192K, 97% used [0x00000000ed900000,0x00000000ee0d46c8,0x00000000ee100000)
  to   space 9216K, 0% used [0x00000000ef280000,0x00000000ef280000,0x00000000efb80000)
 ParOldGen       total 41984K, used 11575K [0x00000000c0000000, 0x00000000c2900000, 0x00000000eab00000)
  object space 41984K, 27% used [0x00000000c0000000,0x00000000c0b4ded0,0x00000000c2900000)
 Metaspace       used 30853K, capacity 31562K, committed 31744K, reserved 1077248K
  class space    used 4109K, capacity 4349K, committed 4352K, reserved 1048576K
}
Event: 17.757 GC heap before
{Heap before GC invocations=11 (full 1):
 PSYoungGen      total 55296K, used 55121K [0x00000000eab00000, 0x00000000efb80000, 0x0000000100000000)
  eden space 47104K, 100% used [0x00000000eab00000,0x00000000ed900000,0x00000000ed900000)
  from space 8192K, 97% used [0x00000000ed900000,0x00000000ee0d46c8,0x00000000ee100000)
  to   space 9216K, 0% used [0x00000000ef280000,0x00000000ef280000,0x00000000efb80000)
 ParOldGen       total 41984K, used 11575K [0x00000000c0000000, 0x00000000c2900000, 0x00000000eab00000)
  object space 41984K, 27% used [0x00000000c0000000,0x00000000c0b4ded0,0x00000000c2900000)
 Metaspace       used 33587K, capacity 34344K, committed 34560K, reserved 1079296K
  class space    used 4593K, capacity 4851K, committed 4864K, reserved 1048576K
Event: 17.779 GC heap after
Heap after GC invocations=11 (full 1):
 PSYoungGen      total 72704K, used 8289K [0x00000000eab00000, 0x00000000efd00000, 0x0000000100000000)
  eden space 63488K, 0% used [0x00000000eab00000,0x00000000eab00000,0x00000000ee900000)
  from space 9216K, 89% used [0x00000000ef280000,0x00000000efa98620,0x00000000efb80000)
  to   space 9728K, 0% used [0x00000000ee900000,0x00000000ee900000,0x00000000ef280000)
 ParOldGen       total 41984K, used 14167K [0x00000000c0000000, 0x00000000c2900000, 0x00000000eab00000)
  object space 41984K, 33% used [0x00000000c0000000,0x00000000c0dd5f10,0x00000000c2900000)
 Metaspace       used 33587K, capacity 34344K, committed 34560K, reserved 1079296K
  class space    used 4593K, capacity 4851K, committed 4864K, reserved 1048576K
}

Deoptimization events (10 events):
Event: 16.233 Thread 0x0000000017f4d800 Uncommon trap: reason=class_check action=maybe_recompile pc=0x000000000299e040 method=java.lang.reflect.Method.equals(Ljava/lang/Object;)Z @ 5
Event: 16.389 Thread 0x0000000017f4d800 Uncommon trap: reason=class_check action=maybe_recompile pc=0x000000000299e040 method=java.lang.reflect.Method.equals(Ljava/lang/Object;)Z @ 5
Event: 16.389 Thread 0x0000000017f4d800 Uncommon trap: reason=class_check action=maybe_recompile pc=0x000000000299e040 method=java.lang.reflect.Method.equals(Ljava/lang/Object;)Z @ 5
Event: 16.477 Thread 0x0000000017f4d800 Uncommon trap: reason=unstable_if action=reinterpret pc=0x0000000003180bc0 method=java.net.URLClassLoader.isSealed(Ljava/lang/String;Ljava/util/jar/Manifest;)Z @ 26
Event: 16.478 Thread 0x0000000017f4d800 Uncommon trap: reason=unstable_if action=reinterpret pc=0x000000000315d66c method=java.net.URLClassLoader.isSealed(Ljava/lang/String;Ljava/util/jar/Manifest;)Z @ 26
Event: 16.726 Thread 0x0000000017f4d800 Uncommon trap: reason=bimorphic action=maybe_recompile pc=0x00000000031e8cb4 method=org.codehaus.groovy.runtime.metaclass.MetaMethodIndex.addMethodToList(Ljava/lang/Object;Lgroovy/lang/MetaMethod;)Ljava/lang/Object; @ 96
Event: 16.853 Thread 0x0000000017f4d800 Uncommon trap: reason=unstable_if action=reinterpret pc=0x000000000306f5cc method=org.objectweb.asm.Item.isEqualTo(Lorg/objectweb/asm/Item;)Z @ 345
Event: 16.856 Thread 0x0000000017f4d800 Uncommon trap: reason=unstable_if action=reinterpret pc=0x0000000003237d18 method=java.net.URLStreamHandler.sameFile(Ljava/net/URL;Ljava/net/URL;)Z @ 63
Event: 17.490 Thread 0x0000000017f4d800 Uncommon trap: reason=range_check action=make_not_entrant pc=0x0000000003278cc4 method=java.lang.String.charAt(I)C @ 27
Event: 17.559 Thread 0x0000000017f4d800 Uncommon trap: reason=unstable_if action=reinterpret pc=0x0000000002dc7960 method=java.net.URI.match(CJJ)Z @ 45

Classes redefined (0 events):
No events

Internal exceptions (10 events):
Event: 17.390 Thread 0x0000000017f4d800 Exception <a 'java/lang/ClassNotFoundException': org/gradle/api/internal/artifacts/DefaultArtifactRepositoryContainerBeanInfo> (0x00000000ecba0458) thrown at [D:\src\AOSP-openjdk-cygwin\jdk8u\hotspot\src\share\vm\classfile\systemDictionary.cpp, line 210]
Event: 17.390 Thread 0x0000000017f4d800 Exception <a 'java/lang/ClassNotFoundException': org/gradle/api/internal/DefaultNamedDomainObjectListBeanInfo> (0x00000000ecbcc938) thrown at [D:\src\AOSP-openjdk-cygwin\jdk8u\hotspot\src\share\vm\classfile\systemDictionary.cpp, line 210]
Event: 17.391 Thread 0x0000000017f4d800 Exception <a 'java/lang/ClassNotFoundException': org/gradle/api/internal/DefaultNamedDomainObjectCollectionBeanInfo> (0x00000000ecbfac10) thrown at [D:\src\AOSP-openjdk-cygwin\jdk8u\hotspot\src\share\vm\classfile\systemDictionary.cpp, line 210]
Event: 17.392 Thread 0x0000000017f4d800 Exception <a 'java/lang/ClassNotFoundException': org/gradle/api/internal/DefaultDomainObjectCollectionBeanInfo> (0x00000000ecc27d00) thrown at [D:\src\AOSP-openjdk-cygwin\jdk8u\hotspot\src\share\vm\classfile\systemDictionary.cpp, line 210]
Event: 17.393 Thread 0x0000000017f4d800 Exception <a 'java/lang/ClassNotFoundException': org/gradle/api/internal/DefaultDomainObjectCollectionCustomizer> (0x00000000ecc557e0) thrown at [D:\src\AOSP-openjdk-cygwin\jdk8u\hotspot\src\share\vm\classfile\systemDictionary.cpp, line 210]
Event: 17.396 Thread 0x0000000017f4d800 Exception <a 'java/lang/ClassNotFoundException': org/gradle/api/internal/DefaultNamedDomainObjectCollectionCustomizer> (0x00000000eccac3e8) thrown at [D:\src\AOSP-openjdk-cygwin\jdk8u\hotspot\src\share\vm\classfile\systemDictionary.cpp, line 210]
Event: 17.399 Thread 0x0000000017f4d800 Exception <a 'java/lang/ClassNotFoundException': org/gradle/api/internal/DefaultNamedDomainObjectListCustomizer> (0x00000000ecd04118) thrown at [D:\src\AOSP-openjdk-cygwin\jdk8u\hotspot\src\share\vm\classfile\systemDictionary.cpp, line 210]
Event: 17.403 Thread 0x0000000017f4d800 Exception <a 'java/lang/ClassNotFoundException': org/gradle/api/internal/artifacts/DefaultArtifactRepositoryContainerCustomizer> (0x00000000ecd727e8) thrown at [D:\src\AOSP-openjdk-cygwin\jdk8u\hotspot\src\share\vm\classfile\systemDictionary.cpp, line 210
Event: 17.406 Thread 0x0000000017f4d800 Exception <a 'java/lang/ClassNotFoundException': org/gradle/api/internal/artifacts/dsl/DefaultRepositoryHandlerCustomizer> (0x00000000ecdd4080) thrown at [D:\src\AOSP-openjdk-cygwin\jdk8u\hotspot\src\share\vm\classfile\systemDictionary.cpp, line 210]
Event: 17.409 Thread 0x0000000017f4d800 Exception <a 'java/lang/ClassNotFoundException': org/gradle/api/internal/artifacts/dsl/DefaultRepositoryHandler_DecoratedCustomizer> (0x00000000ece3e510) thrown at [D:\src\AOSP-openjdk-cygwin\jdk8u\hotspot\src\share\vm\classfile\systemDictionary.cpp, line

Events (10 events):
Event: 17.790 loading class org/gradle/internal/component/model/DefaultIvyArtifactName
Event: 17.790 loading class org/gradle/internal/component/model/DefaultIvyArtifactName done
Event: 17.790 loading class org/gradle/internal/component/external/model/DefaultConfigurationMetadata
Event: 17.790 loading class org/gradle/internal/component/external/model/DefaultConfigurationMetadata done
Event: 17.792 loading class org/gradle/internal/component/external/model/ConfigurationDependencyMetadataWrapper
Event: 17.792 loading class org/gradle/internal/component/external/model/ConfigurationDependencyMetadataWrapper done
Event: 18.017 loading class org/gradle/internal/component/external/descriptor/DefaultExclude
Event: 18.017 loading class org/gradle/internal/component/external/descriptor/DefaultExclude done
Event: 18.017 loading class org/gradle/internal/component/model/Exclude
Event: 18.017 loading class org/gradle/internal/component/model/Exclude done


Dynamic libraries:
0x00007ff691650000 - 0x00007ff691681000 	C:\Program Files\Android\Android Studio\jre\bin\java.exe
0x00007fff28fe0000 - 0x00007fff291c1000 	C:\WINDOWS\SYSTEM32\ntdll.dll
0x00007fff28830000 - 0x00007fff288e2000 	C:\WINDOWS\System32\KERNEL32.DLL
0x00007fff26000000 - 0x00007fff26273000 	C:\WINDOWS\System32\KERNELBASE.dll
0x00007fff26d80000 - 0x00007fff26e21000 	C:\WINDOWS\System32\ADVAPI32.dll
0x00007fff28f10000 - 0x00007fff28fae000 	C:\WINDOWS\System32\msvcrt.dll
0x00007fff28d10000 - 0x00007fff28d6b000 	C:\WINDOWS\System32\sechost.dll
0x00007fff26c20000 - 0x00007fff26d44000 	C:\WINDOWS\System32\RPCRT4.dll
0x00007fff26e30000 - 0x00007fff26fc0000 	C:\WINDOWS\System32\USER32.dll
0x00007fff25560000 - 0x00007fff25580000 	C:\WINDOWS\System32\win32u.dll
0x00007fff26d50000 - 0x00007fff26d78000 	C:\WINDOWS\System32\GDI32.dll
0x00007fff25d30000 - 0x00007fff25ec2000 	C:\WINDOWS\System32\gdi32full.dll
0x00007fff25c90000 - 0x00007fff25d2f000 	C:\WINDOWS\System32\msvcp_win.dll
0x00007fff25460000 - 0x00007fff2555a000 	C:\WINDOWS\System32\ucrtbase.dll
0x00007fff181c0000 - 0x00007fff18429000 	C:\WINDOWS\WinSxS\amd64_microsoft.windows.common-controls_6595b64144ccf1df_6.0.17134.285_none_fb4297e330656775\COMCTL32.dll
0x00007fff289e0000 - 0x00007fff28d03000 	C:\WINDOWS\System32\combase.dll
0x00007fff25f80000 - 0x00007fff25ffa000 	C:\WINDOWS\System32\bcryptPrimitives.dll
0x00007fff271e0000 - 0x00007fff2720d000 	C:\WINDOWS\System32\IMM32.DLL
0x000000006bcc0000 - 0x000000006bd92000 	C:\Program Files\Android\Android Studio\jre\jre\bin\msvcr100.dll
0x000000006bda0000 - 0x000000006c5e1000 	C:\Program Files\Android\Android Studio\jre\jre\bin\server\jvm.dll
0x00007fff27240000 - 0x00007fff27248000 	C:\WINDOWS\System32\PSAPI.DLL
0x00007fff05c00000 - 0x00007fff05c09000 	C:\WINDOWS\SYSTEM32\WSOCK32.dll
0x00007fff1b3d0000 - 0x00007fff1b3da000 	C:\WINDOWS\SYSTEM32\VERSION.dll
0x00007fff23380000 - 0x00007fff233a3000 	C:\WINDOWS\SYSTEM32\WINMM.dll
0x00007fff28690000 - 0x00007fff286fc000 	C:\WINDOWS\System32\WS2_32.dll
0x00007fff23350000 - 0x00007fff2337a000 	C:\WINDOWS\SYSTEM32\winmmbase.dll
0x00007fff25f30000 - 0x00007fff25f79000 	C:\WINDOWS\System32\cfgmgr32.dll
0x00007fff05790000 - 0x00007fff0579f000 	C:\Program Files\Android\Android Studio\jre\jre\bin\verify.dll
0x00007ffefaa60000 - 0x00007ffefaa89000 	C:\Program Files\Android\Android Studio\jre\jre\bin\java.dll
0x00007fff03a30000 - 0x00007fff03a46000 	C:\Program Files\Android\Android Studio\jre\jre\bin\zip.dll
0x00007fff27250000 - 0x00007fff28690000 	C:\WINDOWS\System32\SHELL32.dll
0x00007fff26b70000 - 0x00007fff26c19000 	C:\WINDOWS\System32\shcore.dll
0x00007fff25580000 - 0x00007fff25c8d000 	C:\WINDOWS\System32\windows.storage.dll
0x00007fff288f0000 - 0x00007fff28941000 	C:\WINDOWS\System32\shlwapi.dll
0x00007fff25310000 - 0x00007fff25321000 	C:\WINDOWS\System32\kernel.appcore.dll
0x00007fff25340000 - 0x00007fff2535f000 	C:\WINDOWS\System32\profapi.dll
0x00007fff25360000 - 0x00007fff253ac000 	C:\WINDOWS\System32\powrprof.dll
0x00007fff25330000 - 0x00007fff2533a000 	C:\WINDOWS\System32\FLTLIB.DLL
0x00007fff00cb0000 - 0x00007fff00cca000 	C:\Program Files\Android\Android Studio\jre\jre\bin\net.dll
0x00007fff24b10000 - 0x00007fff24b76000 	C:\WINDOWS\system32\mswsock.dll
0x00007ffefbb90000 - 0x00007ffefbba1000 	C:\Program Files\Android\Android Studio\jre\jre\bin\nio.dll
0x00007fff045a0000 - 0x00007fff045be000 	C:\Users\Yura\.gradle\native\25\windows-amd64\native-platform.dll
0x00007fff03f20000 - 0x00007fff03f2d000 	C:\Program Files\Android\Android Studio\jre\jre\bin\management.dll
0x00007fff24cd0000 - 0x00007fff24ce7000 	C:\WINDOWS\SYSTEM32\CRYPTSP.dll
0x00007fff246f0000 - 0x00007fff24723000 	C:\WINDOWS\system32\rsaenh.dll
0x00007fff24df0000 - 0x00007fff24e15000 	C:\WINDOWS\SYSTEM32\bcrypt.dll
0x00007fff25220000 - 0x00007fff25248000 	C:\WINDOWS\SYSTEM32\USERENV.dll
0x00007fff24cc0000 - 0x00007fff24ccb000 	C:\WINDOWS\SYSTEM32\CRYPTBASE.dll
0x00007fff24890000 - 0x00007fff248c8000 	C:\WINDOWS\SYSTEM32\IPHLPAPI.DLL
0x00007fff28950000 - 0x00007fff28958000 	C:\WINDOWS\System32\NSI.dll
0x00007fff1eb40000 - 0x00007fff1eb56000 	C:\WINDOWS\SYSTEM32\dhcpcsvc6.DLL
0x00007fff1eb20000 - 0x00007fff1eb3a000 	C:\WINDOWS\SYSTEM32\dhcpcsvc.DLL
0x00007fff18ce0000 - 0x00007fff18ea9000 	C:\WINDOWS\SYSTEM32\dbghelp.dll

VM Arguments:
jvm_args: -Xmx1024m -Dfile.encoding=windows-1251 -Duser.country=RU -Duser.language=ru -Duser.variant 
java_command: org.gradle.launcher.daemon.bootstrap.GradleDaemon 4.6
java_class_path (initial): C:\Users\Yura\.gradle\wrapper\dists\gradle-4.6-all\bcst21l2brirad8k2ben1letg\gradle-4.6\lib\gradle-launcher-4.6.jar
Launcher Type: SUN_STANDARD

Environment Variables:
PATH=C:\Program Files (x86)\Common Files\Oracle\Java\javapath;C:\ProgramData\Oracle\Java\javapath;C:\WINDOWS\system32;C:\WINDOWS;C:\WINDOWS\System32\Wbem;C:\WINDOWS\System32\WindowsPowerShell\v1.0\;C:\Program Files (x86)\ATI Technologies\ATI.ACE\Core-Static;C:\Program Files\Microsoft SQL Server\Client SDK\ODBC\130\Tools\Binn\;C:\Program Files (x86)\Microsoft SQL Server\140\Tools\Binn\;C:\Program Files\Microsoft SQL Server\140\Tools\Binn\;C:\Program Files\Microsoft SQL Server\140\DTS\Binn\;C:\Program Files (x86)\Microsoft SQL Server\Client SDK\ODBC\130\Tools\Binn\;C:\Program Files (x86)\Microsoft SQL Server\140\DTS\Binn\;C:\Program Files (x86)\Microsoft SQL Server\140\Tools\Binn\ManagementStudio\;C:\Program Files (x86)\Common Files\Acronis\VirtualFile\;C:\Program Files (x86)\Common Files\Acronis\VirtualFile64\;C:\Program Files (x86)\Common Files\Acronis\FileProtector\;C:\Program Files (x86)\Common Files\Acronis\FileProtector64\;C:\Program Files (x86)\Common Files\Acronis\SnapAPI\;C:\WINDOWS\System32\OpenSSH\;C:\Program Files (x86)\Microsoft Emulator Manager\1.0\;C:\Users\Yura\AppData\Local\Microsoft\WindowsApps;
USERNAME=Yura
OS=Windows_NT
PROCESSOR_IDENTIFIER=AMD64 Family 16 Model 5 Stepping 3, AuthenticAMD



---------------  S Y S T E M  ---------------

OS: Windows 10.0 , 64 bit Build 17134 (10.0.17134.1)

CPU:total 4 (initial active 4) (4 cores per cpu, 1 threads per core) family 16 model 5 stepping 3, cmov, cx8, fxsr, mmx, sse, sse2, sse3, popcnt, mmxext, 3dnowpref, lzcnt, sse4a, tsc, tscinvbit, tscinv

Memory: 4k page, physical 4192436k(916448k free), swap 8911028k(4185464k free)

vm_info: OpenJDK 64-Bit Server VM (25.152-b06) for windows-amd64 JRE (1.8.0_152-release-1136-b06), built by "builder" with MS VC++ 10.0 (VS2010)

time: Sat Oct 06 08:48:45 2018
elapsed time: 18 seconds (0d 0h 0m 18s)

